<?xml version="1.0" encoding="UTF-8"?>
<testsuite xmlns:xsi="http://www.w3.org/2001/XMLSchema-instance" xsi:noNamespaceSchemaLocation="https://maven.apache.org/surefire/maven-surefire-plugin/xsd/surefire-test-report-3.0.xsd" version="3.0" name="TestRunner.TestRunner" time="0.908" tests="6" errors="0" skipped="0" failures="0">
  <properties>
[...]
</properties>
  <testcase name="Given given i am background" classname="Scenario: to test with valid id and password" time="0.005">
    <system-out><![CDATA[Feature: Login
  In order to perform successful login
  AS a user 
  I want to enter correct username and password
i am Before hook###############
i am the background@@@@@@@@@@
]]></system-out>
  </testcase>
  <testcase name="Given i am scenario no one" classname="Scenario: to test with valid id and password" time="0">
    <system-out><![CDATA[
  Background: its a background  # Practice.feature:6
    Given given i am background # StepDefination.given_i_am_background()
i am scenario 1
]]></system-out>
  </testcase>
  <testcase name="" classname="Scenario: to test with valid id and password" time="0"/>
  <testcase name="Given given i am background" classname="Scenario: to test with scenario two" time="0">
    <system-out><![CDATA[i am Before hook###############

  @smoke
  Scenario: to test with valid id and password # Practice.feature:11
    Given i am scenario no one                 # StepDefination.i_am_scenario_no_one()
i am the background@@@@@@@@@@
]]></system-out>
  </testcase>
  <testcase name="Given i am scenario no two" classname="Scenario: to test with scenario two" time="0">
    <system-out><![CDATA[
  Background: its a background  # Practice.feature:6
    Given given i am background # StepDefination.given_i_am_background()
i am scenario 2
]]></system-out>
  </testcase>
  <testcase name="" classname="Scenario: to test with scenario two" time="0"/>
</testsuite>